    OpenRGB v0.9+ (1.0rc2)
    Commit:  from 
    Launched: 20251017_232944
====================================================================================================

52    |Info:    [ResourceManager] Saving detector settings
53    |Info:    [ResourceManager] Initializing HID interfaces: Success
53    |Info:    ------------------------------------------------------
53    |Info:    |               Start device detection               |
53    |Info:    ------------------------------------------------------
57    |Info:    ------------------------------------------------------
57    |Info:    |             Detecting I2C interfaces               |
57    |Info:    ------------------------------------------------------
58    |Info:    [ResourceManager] Registering I2C interface: /dev/i2c-3 Device 10DE:2702 Subsystem: 1458:4140
58    |Info:    [ResourceManager] Registering I2C interface: /dev/i2c-10 Device 1002:13C0 Subsystem: 1458:D000
58    |Info:    [ResourceManager] Registering I2C interface: /dev/i2c-1 Device 0000:0000 Subsystem: 0000:0000
58    |Info:    [ResourceManager] Registering I2C interface: /dev/i2c-ITE8800:00 Device 0000:0000 Subsystem: 0000:0000
58    |Info:    [ResourceManager] Registering I2C interface: /dev/i2c-8 Device 1002:13C0 Subsystem: 1458:D000
58    |Info:    [ResourceManager] Registering I2C interface: /dev/i2c-6 Device 10DE:2702 Subsystem: 1458:4140
58    |Warning: [i2c_smbus_linux] Failed to read i2c device PCI device ID
58    |Info:    [ResourceManager] Registering I2C interface: /dev/i2c-13 Device 0000:0000 Subsystem: 0000:0000
58    |Info:    [ResourceManager] Registering I2C interface: /dev/i2c-4 Device 10DE:2702 Subsystem: 1458:4140
58    |Info:    [ResourceManager] Registering I2C interface: /dev/i2c-11 Device 1002:13C0 Subsystem: 1458:D000
58    |Info:    [ResourceManager] Registering I2C interface: /dev/i2c-2 Device 10DE:2702 Subsystem: 1458:4140
58    |Info:    [ResourceManager] Registering I2C interface: /dev/i2c-0 Device 0000:0000 Subsystem: 0000:0000
58    |Info:    [ResourceManager] Registering I2C interface: /dev/i2c-ITE8800:01 Device 0000:0000 Subsystem: 0000:0000
58    |Info:    [ResourceManager] Registering I2C interface: /dev/i2c-9 Device 1002:13C0 Subsystem: 1458:D000
58    |Info:    [ResourceManager] Registering I2C interface: /dev/i2c-7 Device 10DE:2702 Subsystem: 1458:4140
58    |Warning: [i2c_smbus_linux] Failed to read i2c device PCI device ID
58    |Info:    [ResourceManager] Registering I2C interface: /dev/i2c-14 Device 0000:0000 Subsystem: 0000:0000
58    |Info:    [ResourceManager] Registering I2C interface: /dev/i2c-5 Device 10DE:2702 Subsystem: 1458:4140
58    |Warning: [i2c_smbus_linux] Failed to read i2c device PCI device ID
58    |Info:    [ResourceManager] Registering I2C interface: /dev/i2c-12 Device 0000:0000 Subsystem: 0000:0000
58    |Info:    ------------------------------------------------------
58    |Info:    |               Detecting I2C devices                |
58    |Info:    ------------------------------------------------------
81    |Info:    ------------------------------------------------------
81    |Info:    |            Detecting I2C DIMM modules              |
81    |Info:    ------------------------------------------------------
81    |Info:    ------------------------------------------------------
81    |Info:    |               Detecting I2C PCI devices            |
81    |Info:    ------------------------------------------------------
82    |Info:    ------------------------------------------------------
82    |Info:    |               Detecting HID devices                |
82    |Info:    ------------------------------------------------------
253   |Info:    [X870 GAMING X WIFI7] Registering RGB controller
293   |Info:    [KLM] Created new Tenkeyless ANSI QWERTY with 6 rows and 17 columns containing 87 keys
293   |Info:    [Razer Blackwidow V3 TKL] Registering RGB controller
293   |Info:    ------------------------------------------------------
293   |Info:    |            Detecting libusb HID devices            |
293   |Info:    ------------------------------------------------------
409   |Info:    ------------------------------------------------------
409   |Info:    |              Detecting other devices               |
409   |Info:    ------------------------------------------------------
424   |Info:    [ResourceManager] Calling Post-detection callbacks
424   |Info:    ------------------------------------------------------
424   |Info:    |                Detection completed                 |
424   |Info:    ------------------------------------------------------
424   |Dialog:  <h2>Some internal devices may not be detected:</h2><p>One or more I2C or SMBus interfaces failed to initialize.</p><p><b>RGB DRAM modules, some motherboards' onboard RGB lighting, and RGB Graphics Cards, will not be available in OpenRGB</b> without I2C or SMBus.</p><h4>How to fix this:</h4><p>On Linux, this is usually because the i2c-dev module is not loaded.</p><p>You must load the i2c-dev module along with the correct i2c driver for your motherboard. This is usually i2c-piix4 for AMD systems and i2c-i801 for Intel systems.</p><p>See <a href='https://help.openrgb.org/'>help.openrgb.org</a> for additional troubleshooting steps if you keep seeing this message.<br></p><h3>If you are not using internal RGB on a desktop this message is not important to you.</h3>
55302 |Info:    [ResourceManager] Initializing HID interfaces: Success
55302 |Info:    ------------------------------------------------------
55302 |Info:    |               Start device detection               |
55302 |Info:    ------------------------------------------------------
55307 |Info:    ------------------------------------------------------
55307 |Info:    |             Detecting I2C interfaces               |
55307 |Info:    ------------------------------------------------------
55307 |Info:    [ResourceManager] Registering I2C interface: /dev/i2c-3 Device 10DE:2702 Subsystem: 1458:4140
55307 |Info:    [ResourceManager] Registering I2C interface: /dev/i2c-10 Device 1002:13C0 Subsystem: 1458:D000
55307 |Info:    [ResourceManager] Registering I2C interface: /dev/i2c-1 Device 0000:0000 Subsystem: 0000:0000
55307 |Info:    [ResourceManager] Registering I2C interface: /dev/i2c-ITE8800:00 Device 0000:0000 Subsystem: 0000:0000
55307 |Info:    [ResourceManager] Registering I2C interface: /dev/i2c-8 Device 1002:13C0 Subsystem: 1458:D000
55307 |Info:    [ResourceManager] Registering I2C interface: /dev/i2c-6 Device 10DE:2702 Subsystem: 1458:4140
55307 |Warning: [i2c_smbus_linux] Failed to read i2c device PCI device ID
55307 |Info:    [ResourceManager] Registering I2C interface: /dev/i2c-13 Device 0000:0000 Subsystem: 0000:0000
55307 |Info:    [ResourceManager] Registering I2C interface: /dev/i2c-4 Device 10DE:2702 Subsystem: 1458:4140
55307 |Info:    [ResourceManager] Registering I2C interface: /dev/i2c-11 Device 1002:13C0 Subsystem: 1458:D000
55307 |Info:    [ResourceManager] Registering I2C interface: /dev/i2c-2 Device 10DE:2702 Subsystem: 1458:4140
55307 |Info:    [ResourceManager] Registering I2C interface: /dev/i2c-0 Device 0000:0000 Subsystem: 0000:0000
55307 |Info:    [ResourceManager] Registering I2C interface: /dev/i2c-ITE8800:01 Device 0000:0000 Subsystem: 0000:0000
55307 |Info:    [ResourceManager] Registering I2C interface: /dev/i2c-9 Device 1002:13C0 Subsystem: 1458:D000
55307 |Info:    [ResourceManager] Registering I2C interface: /dev/i2c-7 Device 10DE:2702 Subsystem: 1458:4140
55307 |Warning: [i2c_smbus_linux] Failed to read i2c device PCI device ID
55307 |Info:    [ResourceManager] Registering I2C interface: /dev/i2c-14 Device 0000:0000 Subsystem: 0000:0000
55307 |Info:    [ResourceManager] Registering I2C interface: /dev/i2c-5 Device 10DE:2702 Subsystem: 1458:4140
55307 |Warning: [i2c_smbus_linux] Failed to read i2c device PCI device ID
55307 |Info:    [ResourceManager] Registering I2C interface: /dev/i2c-12 Device 0000:0000 Subsystem: 0000:0000
55307 |Info:    ------------------------------------------------------
55307 |Info:    |               Detecting I2C devices                |
55307 |Info:    ------------------------------------------------------
55329 |Info:    ------------------------------------------------------
55329 |Info:    |            Detecting I2C DIMM modules              |
55329 |Info:    ------------------------------------------------------
55329 |Info:    ------------------------------------------------------
55329 |Info:    |               Detecting I2C PCI devices            |
55329 |Info:    ------------------------------------------------------
55330 |Info:    ------------------------------------------------------
55330 |Info:    |               Detecting HID devices                |
55330 |Info:    ------------------------------------------------------
55503 |Info:    [X870 GAMING X WIFI7] Registering RGB controller
55543 |Info:    [KLM] Created new Tenkeyless ANSI QWERTY with 6 rows and 17 columns containing 87 keys
55543 |Info:    [Razer Blackwidow V3 TKL] Registering RGB controller
55543 |Info:    ------------------------------------------------------
55543 |Info:    |            Detecting libusb HID devices            |
55543 |Info:    ------------------------------------------------------
55656 |Info:    ------------------------------------------------------
55656 |Info:    |              Detecting other devices               |
55656 |Info:    ------------------------------------------------------
55661 |Info:    [ResourceManager] Calling Post-detection callbacks
55661 |Info:    ------------------------------------------------------
55661 |Info:    |                Detection completed                 |
55661 |Info:    ------------------------------------------------------
55661 |Dialog:  <h2>Some internal devices may not be detected:</h2><p>One or more I2C or SMBus interfaces failed to initialize.</p><p><b>RGB DRAM modules, some motherboards' onboard RGB lighting, and RGB Graphics Cards, will not be available in OpenRGB</b> without I2C or SMBus.</p><h4>How to fix this:</h4><p>On Linux, this is usually because the i2c-dev module is not loaded.</p><p>You must load the i2c-dev module along with the correct i2c driver for your motherboard. This is usually i2c-piix4 for AMD systems and i2c-i801 for Intel systems.</p><p>See <a href='https://help.openrgb.org/'>help.openrgb.org</a> for additional troubleshooting steps if you keep seeing this message.<br></p><h3>If you are not using internal RGB on a desktop this message is not important to you.</h3>
102426|Info:    [ProfileManager] Found file: gcc.orp attempting to validate header
102426|Info:    [ProfileManager] Valid v5 profile found for gcc
142029|Info:    [NetworkServer] Network connection thread started on port 6742
146230|Info:    [NetworkServer] Network server started
175483|Info:    [NetworkServer] Closing server connection: 127.0.0.1
175483|Info:    [NetworkServer] Connection thread closed
175483|ERROR:   [NetworkServer] recv_select failed receiving magic, closing listener
201403|Info:    [ResourceManager] Initializing HID interfaces: Success
201403|Info:    ------------------------------------------------------
201403|Info:    |               Start device detection               |
201403|Info:    ------------------------------------------------------
201409|Info:    ------------------------------------------------------
201409|Info:    |             Detecting I2C interfaces               |
201409|Info:    ------------------------------------------------------
201409|Info:    [ResourceManager] Registering I2C interface: /dev/i2c-3 Device 10DE:2702 Subsystem: 1458:4140
201409|Info:    [ResourceManager] Registering I2C interface: /dev/i2c-10 Device 1002:13C0 Subsystem: 1458:D000
201409|Info:    [ResourceManager] Registering I2C interface: /dev/i2c-1 Device 0000:0000 Subsystem: 0000:0000
201409|Info:    [ResourceManager] Registering I2C interface: /dev/i2c-ITE8800:00 Device 0000:0000 Subsystem: 0000:0000
201409|Info:    [ResourceManager] Registering I2C interface: /dev/i2c-8 Device 1002:13C0 Subsystem: 1458:D000
201409|Info:    [ResourceManager] Registering I2C interface: /dev/i2c-6 Device 10DE:2702 Subsystem: 1458:4140
201409|Warning: [i2c_smbus_linux] Failed to read i2c device PCI device ID
201409|Info:    [ResourceManager] Registering I2C interface: /dev/i2c-13 Device 0000:0000 Subsystem: 0000:0000
201409|Info:    [ResourceManager] Registering I2C interface: /dev/i2c-4 Device 10DE:2702 Subsystem: 1458:4140
201409|Info:    [ResourceManager] Registering I2C interface: /dev/i2c-11 Device 1002:13C0 Subsystem: 1458:D000
201409|Info:    [ResourceManager] Registering I2C interface: /dev/i2c-2 Device 10DE:2702 Subsystem: 1458:4140
201409|Info:    [ResourceManager] Registering I2C interface: /dev/i2c-0 Device 0000:0000 Subsystem: 0000:0000
201409|Info:    [ResourceManager] Registering I2C interface: /dev/i2c-ITE8800:01 Device 0000:0000 Subsystem: 0000:0000
201409|Info:    [ResourceManager] Registering I2C interface: /dev/i2c-9 Device 1002:13C0 Subsystem: 1458:D000
201409|Info:    [ResourceManager] Registering I2C interface: /dev/i2c-7 Device 10DE:2702 Subsystem: 1458:4140
201409|Warning: [i2c_smbus_linux] Failed to read i2c device PCI device ID
201409|Info:    [ResourceManager] Registering I2C interface: /dev/i2c-14 Device 0000:0000 Subsystem: 0000:0000
201409|Info:    [ResourceManager] Registering I2C interface: /dev/i2c-5 Device 10DE:2702 Subsystem: 1458:4140
201409|Warning: [i2c_smbus_linux] Failed to read i2c device PCI device ID
201409|Info:    [ResourceManager] Registering I2C interface: /dev/i2c-12 Device 0000:0000 Subsystem: 0000:0000
201409|Info:    ------------------------------------------------------
201409|Info:    |               Detecting I2C devices                |
201409|Info:    ------------------------------------------------------
201431|Info:    ------------------------------------------------------
201431|Info:    |            Detecting I2C DIMM modules              |
201431|Info:    ------------------------------------------------------
201431|Info:    ------------------------------------------------------
201431|Info:    |               Detecting I2C PCI devices            |
201431|Info:    ------------------------------------------------------
201432|Info:    ------------------------------------------------------
201432|Info:    |               Detecting HID devices                |
201432|Info:    ------------------------------------------------------
201603|Info:    [X870 GAMING X WIFI7] Registering RGB controller
201643|Info:    [KLM] Created new Tenkeyless ANSI QWERTY with 6 rows and 17 columns containing 87 keys
201643|Info:    [Razer Blackwidow V3 TKL] Registering RGB controller
201643|Info:    ------------------------------------------------------
201643|Info:    |            Detecting libusb HID devices            |
201643|Info:    ------------------------------------------------------
201755|Info:    ------------------------------------------------------
201755|Info:    |              Detecting other devices               |
201755|Info:    ------------------------------------------------------
201760|Info:    [ResourceManager] Calling Post-detection callbacks
201760|Info:    ------------------------------------------------------
201760|Info:    |                Detection completed                 |
201760|Info:    ------------------------------------------------------
201760|Dialog:  <h2>Some internal devices may not be detected:</h2><p>One or more I2C or SMBus interfaces failed to initialize.</p><p><b>RGB DRAM modules, some motherboards' onboard RGB lighting, and RGB Graphics Cards, will not be available in OpenRGB</b> without I2C or SMBus.</p><h4>How to fix this:</h4><p>On Linux, this is usually because the i2c-dev module is not loaded.</p><p>You must load the i2c-dev module along with the correct i2c driver for your motherboard. This is usually i2c-piix4 for AMD systems and i2c-i801 for Intel systems.</p><p>See <a href='https://help.openrgb.org/'>help.openrgb.org</a> for additional troubleshooting steps if you keep seeing this message.<br></p><h3>If you are not using internal RGB on a desktop this message is not important to you.</h3>
214972|ERROR:   [OpenRGBPluginsPage] Failed to install plugin: filesystem error: cannot copy: No such file or directory [] [/home/sewcyde/.config/OpenRGB/plugins/]
